android/app/build/intermediates/manifest_merge_blame_file/release/manifest-merger-blame-release-report.txt
1<?xml version="1.0" encoding="utf-8"?>
2<manifest xmlns:android="http://schemas.android.com/apk/res/android"
3    package="com.taptapcard"
4    android:versionCode="4"
5    android:versionName="4.0.0" >
6
7    <uses-sdk
8        android:minSdkVersion="21"
8-->src/main/AndroidManifest.xml
9        android:targetSdkVersion="31" />
9-->src/main/AndroidManifest.xml
10
11    <uses-permission android:name="android.permission.INTERNET" />
11-->src/main/AndroidManifest.xml:2:3-64
11-->src/main/AndroidManifest.xml:2:20-62
12    <uses-permission android:name="android.permission.MODIFY_AUDIO_SETTINGS" />
12-->src/main/AndroidManifest.xml:3:3-77
12-->src/main/AndroidManifest.xml:3:20-75
13    <uses-permission android:name="android.permission.READ_EXTERNAL_STORAGE" />
13-->src/main/AndroidManifest.xml:4:3-77
13-->src/main/AndroidManifest.xml:4:20-75
14    <uses-permission android:name="android.permission.RECORD_AUDIO" />
14-->src/main/AndroidManifest.xml:5:3-68
14-->src/main/AndroidManifest.xml:5:20-66
15    <uses-permission android:name="android.permission.SYSTEM_ALERT_WINDOW" />
15-->src/main/AndroidManifest.xml:6:3-75
15-->src/main/AndroidManifest.xml:6:20-73
16    <uses-permission android:name="android.permission.VIBRATE" />
16-->src/main/AndroidManifest.xml:7:3-63
16-->src/main/AndroidManifest.xml:7:20-61
17    <uses-permission android:name="android.permission.WRITE_EXTERNAL_STORAGE" />
17-->src/main/AndroidManifest.xml:8:3-78
17-->src/main/AndroidManifest.xml:8:20-76
18
19    <queries>
19-->src/main/AndroidManifest.xml:9:3-15:13
20        <intent>
20-->src/main/AndroidManifest.xml:10:5-14:14
21            <action android:name="android.intent.action.VIEW" />
21-->src/main/AndroidManifest.xml:11:7-58
21-->src/main/AndroidManifest.xml:11:15-56
22
23            <category android:name="android.intent.category.BROWSABLE" />
23-->src/main/AndroidManifest.xml:12:7-67
23-->src/main/AndroidManifest.xml:12:17-65
24
25            <data android:scheme="https" />
25-->src/main/AndroidManifest.xml:13:7-37
25-->src/main/AndroidManifest.xml:13:13-35
26        </intent>
27        <!-- Query open documents -->
28        <intent>
28-->[:expo-file-system] AndroidManifest.xml:19:9-21:18
29            <action android:name="android.intent.action.OPEN_DOCUMENT_TREE" />
29-->[:expo-file-system] AndroidManifest.xml:20:13-79
29-->[:expo-file-system] AndroidManifest.xml:20:21-76
30        </intent> <!-- End of browser content -->
31        <!-- For CustomTabsService -->
32        <intent>
32-->[com.google.android.gms:play-services-ads-lite:20.6.0] AndroidManifest.xml:40:9-42:18
33            <action android:name="android.support.customtabs.action.CustomTabsService" />
33-->[com.google.android.gms:play-services-ads-lite:20.6.0] AndroidManifest.xml:41:13-90
33-->[com.google.android.gms:play-services-ads-lite:20.6.0] AndroidManifest.xml:41:21-87
34        </intent>
35    </queries>
36
37    <uses-permission android:name="android.permission.WAKE_LOCK" />
37-->[:react-native-firebase_auth] AndroidManifest.xml:12:5-68
37-->[:react-native-firebase_auth] AndroidManifest.xml:12:22-65
38    <uses-permission android:name="android.permission.ACCESS_NETWORK_STATE" />
38-->[:react-native-firebase_auth] AndroidManifest.xml:13:5-79
38-->[:react-native-firebase_auth] AndroidManifest.xml:13:22-76
39    <uses-permission android:name="com.google.android.gms.permission.AD_ID" />
39-->[com.google.android.gms:play-services-ads-lite:20.6.0] AndroidManifest.xml:25:5-79
39-->[com.google.android.gms:play-services-ads-lite:20.6.0] AndroidManifest.xml:25:22-76
40    <uses-permission android:name="android.permission.RECEIVE_BOOT_COMPLETED" />
40-->[androidx.work:work-runtime:2.7.0] AndroidManifest.xml:27:5-81
40-->[androidx.work:work-runtime:2.7.0] AndroidManifest.xml:27:22-78
41    <uses-permission android:name="android.permission.FOREGROUND_SERVICE" />
41-->[androidx.work:work-runtime:2.7.0] AndroidManifest.xml:28:5-77
41-->[androidx.work:work-runtime:2.7.0] AndroidManifest.xml:28:22-74
42    <uses-permission android:name="com.google.android.finsky.permission.BIND_GET_INSTALL_REFERRER_SERVICE" />
42-->[com.android.installreferrer:installreferrer:1.0] AndroidManifest.xml:9:5-110
42-->[com.android.installreferrer:installreferrer:1.0] AndroidManifest.xml:9:22-107
43
44    <application
44-->src/main/AndroidManifest.xml:16:3-42:17
45        android:name="com.taptapcard.MainApplication"
45-->src/main/AndroidManifest.xml:16:16-47
46        android:allowBackup="true"
46-->src/main/AndroidManifest.xml:16:162-188
47        android:appComponentFactory="androidx.core.app.CoreComponentFactory"
47-->[androidx.core:core:1.6.0] AndroidManifest.xml:24:18-86
48        android:icon="@mipmap/ic_launcher"
48-->src/main/AndroidManifest.xml:16:81-115
49        android:label="@string/app_name"
49-->src/main/AndroidManifest.xml:16:48-80
50        android:roundIcon="@mipmap/ic_launcher_round"
50-->src/main/AndroidManifest.xml:16:116-161
51        android:theme="@style/AppTheme"
51-->src/main/AndroidManifest.xml:16:189-220
52        android:usesCleartextTraffic="true" >
52-->src/main/AndroidManifest.xml:16:221-256
53        <meta-data
53-->src/main/AndroidManifest.xml:17:5-82
54            android:name="expo.modules.updates.ENABLED"
54-->src/main/AndroidManifest.xml:17:16-59
55            android:value="true" />
55-->src/main/AndroidManifest.xml:17:60-80
56        <meta-data
56-->src/main/AndroidManifest.xml:18:5-98
57            android:name="expo.modules.updates.EXPO_RELEASE_CHANNEL"
57-->src/main/AndroidManifest.xml:18:16-72
58            android:value="default" />
58-->src/main/AndroidManifest.xml:18:73-96
59        <meta-data
59-->src/main/AndroidManifest.xml:19:5-93
60            android:name="expo.modules.updates.EXPO_SDK_VERSION"
60-->src/main/AndroidManifest.xml:19:16-68
61            android:value="44.0.0" />
61-->src/main/AndroidManifest.xml:19:69-91
62        <meta-data
62-->src/main/AndroidManifest.xml:20:5-105
63            android:name="expo.modules.updates.EXPO_UPDATES_CHECK_ON_LAUNCH"
63-->src/main/AndroidManifest.xml:20:16-80
64            android:value="ALWAYS" />
64-->src/main/AndroidManifest.xml:20:81-103
65        <meta-data
65-->src/main/AndroidManifest.xml:21:5-99
66            android:name="expo.modules.updates.EXPO_UPDATES_LAUNCH_WAIT_MS"
66-->src/main/AndroidManifest.xml:21:16-79
67            android:value="0" />
67-->src/main/AndroidManifest.xml:21:80-97
68        <meta-data
68-->src/main/AndroidManifest.xml:22:5-120
69            android:name="expo.modules.updates.EXPO_UPDATE_URL"
69-->src/main/AndroidManifest.xml:22:16-67
70            android:value="https://exp.host/@coqoa/taptapcard" />
70-->src/main/AndroidManifest.xml:22:68-118
71
72        <activity
72-->src/main/AndroidManifest.xml:23:5-40:16
73            android:name="com.taptapcard.MainActivity"
73-->src/main/AndroidManifest.xml:23:15-43
74            android:configChanges="keyboard|keyboardHidden|orientation|screenSize|uiMode"
74-->src/main/AndroidManifest.xml:23:77-154
75            android:exported="true"
75-->src/main/AndroidManifest.xml:23:273-296
76            android:label="@string/app_name"
76-->src/main/AndroidManifest.xml:23:44-76
77            android:launchMode="singleTask"
77-->src/main/AndroidManifest.xml:23:155-186
78            android:theme="@style/Theme.App.SplashScreen"
78-->src/main/AndroidManifest.xml:23:227-272
79            android:windowSoftInputMode="adjustPan" >
79-->src/main/AndroidManifest.xml:23:187-226
80            <intent-filter>
80-->src/main/AndroidManifest.xml:24:7-27:23
81                <action android:name="android.intent.action.MAIN" />
81-->src/main/AndroidManifest.xml:25:9-60
81-->src/main/AndroidManifest.xml:25:17-58
82
83                <category android:name="android.intent.category.LAUNCHER" />
83-->src/main/AndroidManifest.xml:26:9-68
83-->src/main/AndroidManifest.xml:26:19-66
84            </intent-filter>
85            <intent-filter>
85-->src/main/AndroidManifest.xml:28:7-33:23
86                <action android:name="android.intent.action.VIEW" />
86-->src/main/AndroidManifest.xml:11:7-58
86-->src/main/AndroidManifest.xml:11:15-56
87
88                <category android:name="android.intent.category.DEFAULT" />
88-->src/main/AndroidManifest.xml:30:9-67
88-->src/main/AndroidManifest.xml:30:19-65
89                <category android:name="android.intent.category.BROWSABLE" />
89-->src/main/AndroidManifest.xml:12:7-67
89-->src/main/AndroidManifest.xml:12:17-65
90
91                <data android:scheme="com.taptapcard" />
91-->src/main/AndroidManifest.xml:13:7-37
91-->src/main/AndroidManifest.xml:13:13-35
92            </intent-filter>
93            <intent-filter data-generated="true" >
93-->src/main/AndroidManifest.xml:34:7-39:23
93-->src/main/AndroidManifest.xml:34:22-43
94                <action android:name="android.intent.action.VIEW" />
94-->src/main/AndroidManifest.xml:11:7-58
94-->src/main/AndroidManifest.xml:11:15-56
95
96                <data android:scheme="taptapScheme" />
96-->src/main/AndroidManifest.xml:13:7-37
96-->src/main/AndroidManifest.xml:13:13-35
97
98                <category android:name="android.intent.category.DEFAULT" />
98-->src/main/AndroidManifest.xml:30:9-67
98-->src/main/AndroidManifest.xml:30:19-65
99                <category android:name="android.intent.category.BROWSABLE" />
99-->src/main/AndroidManifest.xml:12:7-67
99-->src/main/AndroidManifest.xml:12:17-65
100            </intent-filter>
101        </activity>
102        <activity android:name="com.facebook.react.devsupport.DevSettingsActivity" />
102-->src/main/AndroidManifest.xml:41:5-81
102-->src/main/AndroidManifest.xml:41:15-79
103
104        <meta-data
104-->[:react-native-firebase_app] AndroidManifest.xml:12:9-14:36
105            android:name="app_data_collection_default_enabled"
105-->[:react-native-firebase_app] AndroidManifest.xml:13:13-63
106            android:value="true" />
106-->[:react-native-firebase_app] AndroidManifest.xml:14:13-33
107
108        <service
108-->[:react-native-firebase_app] AndroidManifest.xml:16:9-20:19
109            android:name="com.google.firebase.components.ComponentDiscoveryService"
109-->[:react-native-firebase_app] AndroidManifest.xml:16:18-89
110            android:directBootAware="true"
110-->[com.google.firebase:firebase-common:20.1.0] AndroidManifest.xml:35:13-43
111            android:exported="false" >
111-->[com.google.firebase:firebase-auth:21.0.3] AndroidManifest.xml:66:13-37
112            <meta-data
112-->[:react-native-firebase_app] AndroidManifest.xml:17:13-19:85
113                android:name="com.google.firebase.components:io.invertase.firebase.app.ReactNativeFirebaseAppRegistrar"
113-->[:react-native-firebase_app] AndroidManifest.xml:18:17-120
114                android:value="com.google.firebase.components.ComponentRegistrar" />
114-->[:react-native-firebase_app] AndroidManifest.xml:19:17-82
115            <meta-data
115-->[com.google.firebase:firebase-auth:21.0.3] AndroidManifest.xml:67:13-69:85
116                android:name="com.google.firebase.components:com.google.firebase.auth.FirebaseAuthRegistrar"
116-->[com.google.firebase:firebase-auth:21.0.3] AndroidManifest.xml:68:17-109
117                android:value="com.google.firebase.components.ComponentRegistrar" />
117-->[com.google.firebase:firebase-auth:21.0.3] AndroidManifest.xml:69:17-82
118            <meta-data
118-->[com.google.firebase:firebase-firestore:24.1.1] AndroidManifest.xml:20:13-22:85
119                android:name="com.google.firebase.components:com.google.firebase.firestore.FirestoreRegistrar"
119-->[com.google.firebase:firebase-firestore:24.1.1] AndroidManifest.xml:21:17-111
120                android:value="com.google.firebase.components.ComponentRegistrar" />
120-->[com.google.firebase:firebase-firestore:24.1.1] AndroidManifest.xml:22:17-82
121        </service>
122
123        <provider
123-->[:react-native-firebase_app] AndroidManifest.xml:22:9-26:38
124            android:name="io.invertase.firebase.app.ReactNativeFirebaseAppInitProvider"
124-->[:react-native-firebase_app] AndroidManifest.xml:23:13-88
125            android:authorities="com.taptapcard.reactnativefirebaseappinitprovider"
125-->[:react-native-firebase_app] AndroidManifest.xml:24:13-86
126            android:exported="false"
126-->[:react-native-firebase_app] AndroidManifest.xml:25:13-37
127            android:initOrder="99" />
127-->[:react-native-firebase_app] AndroidManifest.xml:26:13-35
128
129        <activity
129-->[com.google.firebase:firebase-auth:21.0.3] AndroidManifest.xml:27:9-44:20
130            android:name="com.google.firebase.auth.internal.GenericIdpActivity"
130-->[com.google.firebase:firebase-auth:21.0.3] AndroidManifest.xml:28:13-80
131            android:excludeFromRecents="true"
131-->[com.google.firebase:firebase-auth:21.0.3] AndroidManifest.xml:29:13-46
132            android:exported="true"
132-->[com.google.firebase:firebase-auth:21.0.3] AndroidManifest.xml:30:13-36
133            android:launchMode="singleTask"
133-->[com.google.firebase:firebase-auth:21.0.3] AndroidManifest.xml:31:13-44
134            android:theme="@android:style/Theme.Translucent.NoTitleBar" >
134-->[com.google.firebase:firebase-auth:21.0.3] AndroidManifest.xml:32:13-72
135            <intent-filter>
135-->[com.google.firebase:firebase-auth:21.0.3] AndroidManifest.xml:33:13-43:29
136                <action android:name="android.intent.action.VIEW" />
136-->src/main/AndroidManifest.xml:11:7-58
136-->src/main/AndroidManifest.xml:11:15-56
137
138                <category android:name="android.intent.category.DEFAULT" />
138-->src/main/AndroidManifest.xml:30:9-67
138-->src/main/AndroidManifest.xml:30:19-65
139                <category android:name="android.intent.category.BROWSABLE" />
139-->src/main/AndroidManifest.xml:12:7-67
139-->src/main/AndroidManifest.xml:12:17-65
140
141                <data
141-->src/main/AndroidManifest.xml:13:7-37
142                    android:host="firebase.auth"
143                    android:path="/"
144                    android:scheme="genericidp" />
144-->src/main/AndroidManifest.xml:13:13-35
145            </intent-filter>
146        </activity>
147        <activity
147-->[com.google.firebase:firebase-auth:21.0.3] AndroidManifest.xml:45:9-62:20
148            android:name="com.google.firebase.auth.internal.RecaptchaActivity"
148-->[com.google.firebase:firebase-auth:21.0.3] AndroidManifest.xml:46:13-79
149            android:excludeFromRecents="true"
149-->[com.google.firebase:firebase-auth:21.0.3] AndroidManifest.xml:47:13-46
150            android:exported="true"
150-->[com.google.firebase:firebase-auth:21.0.3] AndroidManifest.xml:48:13-36
151            android:launchMode="singleTask"
151-->[com.google.firebase:firebase-auth:21.0.3] AndroidManifest.xml:49:13-44
152            android:theme="@android:style/Theme.Translucent.NoTitleBar" >
152-->[com.google.firebase:firebase-auth:21.0.3] AndroidManifest.xml:50:13-72
153            <intent-filter>
153-->[com.google.firebase:firebase-auth:21.0.3] AndroidManifest.xml:51:13-61:29
154                <action android:name="android.intent.action.VIEW" />
154-->src/main/AndroidManifest.xml:11:7-58
154-->src/main/AndroidManifest.xml:11:15-56
155
156                <category android:name="android.intent.category.DEFAULT" />
156-->src/main/AndroidManifest.xml:30:9-67
156-->src/main/AndroidManifest.xml:30:19-65
157                <category android:name="android.intent.category.BROWSABLE" />
157-->src/main/AndroidManifest.xml:12:7-67
157-->src/main/AndroidManifest.xml:12:17-65
158
159                <data
159-->src/main/AndroidManifest.xml:13:7-37
160                    android:host="firebase.auth"
161                    android:path="/"
162                    android:scheme="recaptcha" />
162-->src/main/AndroidManifest.xml:13:13-35
163            </intent-filter>
164        </activity>
165
166        <meta-data
166-->[:react-native-google-mobile-ads] AndroidManifest.xml:16:9-18:70
167            android:name="com.google.android.gms.ads.APPLICATION_ID"
167-->[:react-native-google-mobile-ads] AndroidManifest.xml:17:13-69
168            android:value="ca-app-pub-2348793730555023~5576345839" />
168-->[:react-native-google-mobile-ads] AndroidManifest.xml:18:13-67
169        <meta-data
169-->[:react-native-google-mobile-ads] AndroidManifest.xml:19:9-21:37
170            android:name="com.google.android.gms.ads.DELAY_APP_MEASUREMENT_INIT"
170-->[:react-native-google-mobile-ads] AndroidManifest.xml:20:13-81
171            android:value="false" />
171-->[:react-native-google-mobile-ads] AndroidManifest.xml:21:13-34
172
173        <provider
173-->[:react-native-webview] AndroidManifest.xml:12:9-20:20
174            android:name="com.reactnativecommunity.webview.RNCWebViewFileProvider"
174-->[:react-native-webview] AndroidManifest.xml:13:13-83
175            android:authorities="com.taptapcard.fileprovider"
175-->[:react-native-webview] AndroidManifest.xml:14:13-64
176            android:exported="false"
176-->[:react-native-webview] AndroidManifest.xml:15:13-37
177            android:grantUriPermissions="true" >
177-->[:react-native-webview] AndroidManifest.xml:16:13-47
178            <meta-data
178-->[:react-native-webview] AndroidManifest.xml:17:13-19:63
179                android:name="android.support.FILE_PROVIDER_PATHS"
179-->[:react-native-webview] AndroidManifest.xml:18:17-67
180                android:resource="@xml/file_provider_paths" />
180-->[:react-native-webview] AndroidManifest.xml:19:17-60
181        </provider>
182        <provider
182-->[:expo-file-system] AndroidManifest.xml:25:9-34:20
183            android:name="expo.modules.filesystem.FileSystemFileProvider"
183-->[:expo-file-system] AndroidManifest.xml:26:13-74
184            android:authorities="com.taptapcard.FileSystemFileProvider"
184-->[:expo-file-system] AndroidManifest.xml:27:13-74
185            android:exported="false"
185-->[:expo-file-system] AndroidManifest.xml:28:13-37
186            android:grantUriPermissions="true" >
186-->[:expo-file-system] AndroidManifest.xml:29:13-47
187            <meta-data
187-->[:react-native-webview] AndroidManifest.xml:17:13-19:63
188                android:name="android.support.FILE_PROVIDER_PATHS"
188-->[:react-native-webview] AndroidManifest.xml:18:17-67
189                android:resource="@xml/file_system_provider_paths" />
189-->[:react-native-webview] AndroidManifest.xml:19:17-60
190        </provider>
191
192        <meta-data
192-->[:expo-modules-core] AndroidManifest.xml:12:9-14:89
193            android:name="org.unimodules.core.AppLoader#react-native-headless"
193-->[:expo-modules-core] AndroidManifest.xml:13:13-79
194            android:value="expo.modules.adapters.react.apploader.RNHeadlessAppLoader" />
194-->[:expo-modules-core] AndroidManifest.xml:14:13-86
195
196        <provider
196-->[com.google.firebase:firebase-common:20.1.0] AndroidManifest.xml:26:9-31:39
197            android:name="com.google.firebase.provider.FirebaseInitProvider"
197-->[com.google.firebase:firebase-common:20.1.0] AndroidManifest.xml:27:13-77
198            android:authorities="com.taptapcard.firebaseinitprovider"
198-->[com.google.firebase:firebase-common:20.1.0] AndroidManifest.xml:28:13-72
199            android:directBootAware="true"
199-->[com.google.firebase:firebase-common:20.1.0] AndroidManifest.xml:29:13-43
200            android:exported="false"
200-->[com.google.firebase:firebase-common:20.1.0] AndroidManifest.xml:30:13-37
201            android:initOrder="100" />
201-->[com.google.firebase:firebase-common:20.1.0] AndroidManifest.xml:31:13-36
202
203        <activity
203-->[com.google.android.gms:play-services-auth:20.1.0] AndroidManifest.xml:23:9-27:75
204            android:name="com.google.android.gms.auth.api.signin.internal.SignInHubActivity"
204-->[com.google.android.gms:play-services-auth:20.1.0] AndroidManifest.xml:24:13-93
205            android:excludeFromRecents="true"
205-->[com.google.android.gms:play-services-auth:20.1.0] AndroidManifest.xml:25:13-46
206            android:exported="false"
206-->[com.google.android.gms:play-services-auth:20.1.0] AndroidManifest.xml:26:13-37
207            android:theme="@android:style/Theme.Translucent.NoTitleBar" />
207-->[com.google.android.gms:play-services-auth:20.1.0] AndroidManifest.xml:27:13-72
208        <!--
209            Service handling Google Sign-In user revocation. For apps that do not integrate with
210            Google Sign-In, this service will never be started.
211        -->
212        <service
212-->[com.google.android.gms:play-services-auth:20.1.0] AndroidManifest.xml:33:9-37:51
213            android:name="com.google.android.gms.auth.api.signin.RevocationBoundService"
213-->[com.google.android.gms:play-services-auth:20.1.0] AndroidManifest.xml:34:13-89
214            android:exported="true"
214-->[com.google.android.gms:play-services-auth:20.1.0] AndroidManifest.xml:35:13-36
215            android:permission="com.google.android.gms.auth.api.signin.permission.REVOCATION_NOTIFICATION"
215-->[com.google.android.gms:play-services-auth:20.1.0] AndroidManifest.xml:36:13-107
216            android:visibleToInstantApps="true" /> <!-- Include the AdActivity and InAppPurchaseActivity configChanges and themes. -->
216-->[com.google.android.gms:play-services-auth:20.1.0] AndroidManifest.xml:37:13-48
217        <activity
217-->[com.google.android.gms:play-services-ads-lite:20.6.0] AndroidManifest.xml:49:9-53:64
218            android:name="com.google.android.gms.ads.AdActivity"
218-->[com.google.android.gms:play-services-ads-lite:20.6.0] AndroidManifest.xml:50:13-65
219            android:configChanges="keyboard|keyboardHidden|orientation|screenLayout|uiMode|screenSize|smallestScreenSize"
219-->[com.google.android.gms:play-services-ads-lite:20.6.0] AndroidManifest.xml:51:13-122
220            android:exported="false"
220-->[com.google.android.gms:play-services-ads-lite:20.6.0] AndroidManifest.xml:52:13-37
221            android:theme="@android:style/Theme.Translucent" />
221-->[com.google.android.gms:play-services-ads-lite:20.6.0] AndroidManifest.xml:53:13-61
222
223        <provider
223-->[com.google.android.gms:play-services-ads-lite:20.6.0] AndroidManifest.xml:55:9-59:39
224            android:name="com.google.android.gms.ads.MobileAdsInitProvider"
224-->[com.google.android.gms:play-services-ads-lite:20.6.0] AndroidManifest.xml:56:13-76
225            android:authorities="com.taptapcard.mobileadsinitprovider"
225-->[com.google.android.gms:play-services-ads-lite:20.6.0] AndroidManifest.xml:57:13-73
226            android:exported="false"
226-->[com.google.android.gms:play-services-ads-lite:20.6.0] AndroidManifest.xml:58:13-37
227            android:initOrder="100" />
227-->[com.google.android.gms:play-services-ads-lite:20.6.0] AndroidManifest.xml:59:13-36
228
229        <service
229-->[com.google.android.gms:play-services-ads-lite:20.6.0] AndroidManifest.xml:61:9-64:40
230            android:name="com.google.android.gms.ads.AdService"
230-->[com.google.android.gms:play-services-ads-lite:20.6.0] AndroidManifest.xml:62:13-64
231            android:enabled="true"
231-->[com.google.android.gms:play-services-ads-lite:20.6.0] AndroidManifest.xml:63:13-35
232            android:exported="false" />
232-->[com.google.android.gms:play-services-ads-lite:20.6.0] AndroidManifest.xml:64:13-37
233
234        <activity
234-->[com.google.android.gms:play-services-base:18.0.1] AndroidManifest.xml:20:9-22:45
235            android:name="com.google.android.gms.common.api.GoogleApiActivity"
235-->[com.google.android.gms:play-services-base:18.0.1] AndroidManifest.xml:20:19-85
236            android:exported="false"
236-->[com.google.android.gms:play-services-base:18.0.1] AndroidManifest.xml:22:19-43
237            android:theme="@android:style/Theme.Translucent.NoTitleBar" />
237-->[com.google.android.gms:play-services-base:18.0.1] AndroidManifest.xml:21:19-78
238
239        <meta-data
239-->[com.google.android.gms:play-services-basement:18.0.0] AndroidManifest.xml:21:9-23:69
240            android:name="com.google.android.gms.version"
240-->[com.google.android.gms:play-services-basement:18.0.0] AndroidManifest.xml:22:13-58
241            android:value="@integer/google_play_services_version" />
241-->[com.google.android.gms:play-services-basement:18.0.0] AndroidManifest.xml:23:13-66
242
243        <provider
243-->[androidx.work:work-runtime:2.7.0] AndroidManifest.xml:31:9-39:20
244            android:name="androidx.startup.InitializationProvider"
244-->[androidx.work:work-runtime:2.7.0] AndroidManifest.xml:32:13-67
245            android:authorities="com.taptapcard.androidx-startup"
245-->[androidx.work:work-runtime:2.7.0] AndroidManifest.xml:33:13-68
246            android:exported="false" >
246-->[androidx.work:work-runtime:2.7.0] AndroidManifest.xml:34:13-37
247            <meta-data
247-->[androidx.work:work-runtime:2.7.0] AndroidManifest.xml:36:13-38:52
248                android:name="androidx.work.WorkManagerInitializer"
248-->[androidx.work:work-runtime:2.7.0] AndroidManifest.xml:37:17-68
249                android:value="androidx.startup" />
249-->[androidx.work:work-runtime:2.7.0] AndroidManifest.xml:38:17-49
250        </provider>
251
252        <service
252-->[androidx.work:work-runtime:2.7.0] AndroidManifest.xml:41:9-46:35
253            android:name="androidx.work.impl.background.systemalarm.SystemAlarmService"
253-->[androidx.work:work-runtime:2.7.0] AndroidManifest.xml:42:13-88
254            android:directBootAware="false"
254-->[androidx.work:work-runtime:2.7.0] AndroidManifest.xml:43:13-44
255            android:enabled="@bool/enable_system_alarm_service_default"
255-->[androidx.work:work-runtime:2.7.0] AndroidManifest.xml:44:13-72
256            android:exported="false" />
256-->[androidx.work:work-runtime:2.7.0] AndroidManifest.xml:45:13-37
257        <service
257-->[androidx.work:work-runtime:2.7.0] AndroidManifest.xml:47:9-53:35
258            android:name="androidx.work.impl.background.systemjob.SystemJobService"
258-->[androidx.work:work-runtime:2.7.0] AndroidManifest.xml:48:13-84
259            android:directBootAware="false"
259-->[androidx.work:work-runtime:2.7.0] AndroidManifest.xml:49:13-44
260            android:enabled="@bool/enable_system_job_service_default"
260-->[androidx.work:work-runtime:2.7.0] AndroidManifest.xml:50:13-70
261            android:exported="true"
261-->[androidx.work:work-runtime:2.7.0] AndroidManifest.xml:51:13-36
262            android:permission="android.permission.BIND_JOB_SERVICE" />
262-->[androidx.work:work-runtime:2.7.0] AndroidManifest.xml:52:13-69
263        <service
263-->[androidx.work:work-runtime:2.7.0] AndroidManifest.xml:54:9-59:35
264            android:name="androidx.work.impl.foreground.SystemForegroundService"
264-->[androidx.work:work-runtime:2.7.0] AndroidManifest.xml:55:13-81
265            android:directBootAware="false"
265-->[androidx.work:work-runtime:2.7.0] AndroidManifest.xml:56:13-44
266            android:enabled="@bool/enable_system_foreground_service_default"
266-->[androidx.work:work-runtime:2.7.0] AndroidManifest.xml:57:13-77
267            android:exported="false" />
267-->[androidx.work:work-runtime:2.7.0] AndroidManifest.xml:58:13-37
268
269        <receiver
269-->[androidx.work:work-runtime:2.7.0] AndroidManifest.xml:61:9-66:35
270            android:name="androidx.work.impl.utils.ForceStopRunnable$BroadcastReceiver"
270-->[androidx.work:work-runtime:2.7.0] AndroidManifest.xml:62:13-88
271            android:directBootAware="false"
271-->[androidx.work:work-runtime:2.7.0] AndroidManifest.xml:63:13-44
272            android:enabled="true"
272-->[androidx.work:work-runtime:2.7.0] AndroidManifest.xml:64:13-35
273            android:exported="false" />
273-->[androidx.work:work-runtime:2.7.0] AndroidManifest.xml:65:13-37
274        <receiver
274-->[androidx.work:work-runtime:2.7.0] AndroidManifest.xml:67:9-77:20
275            android:name="androidx.work.impl.background.systemalarm.ConstraintProxy$BatteryChargingProxy"
275-->[androidx.work:work-runtime:2.7.0] AndroidManifest.xml:68:13-106
276            android:directBootAware="false"
276-->[androidx.work:work-runtime:2.7.0] AndroidManifest.xml:69:13-44
277            android:enabled="false"
277-->[androidx.work:work-runtime:2.7.0] AndroidManifest.xml:70:13-36
278            android:exported="false" >
278-->[androidx.work:work-runtime:2.7.0] AndroidManifest.xml:71:13-37
279            <intent-filter>
279-->[androidx.work:work-runtime:2.7.0] AndroidManifest.xml:73:13-76:29
280                <action android:name="android.intent.action.ACTION_POWER_CONNECTED" />
280-->[androidx.work:work-runtime:2.7.0] AndroidManifest.xml:74:17-87
280-->[androidx.work:work-runtime:2.7.0] AndroidManifest.xml:74:25-84
281                <action android:name="android.intent.action.ACTION_POWER_DISCONNECTED" />
281-->[androidx.work:work-runtime:2.7.0] AndroidManifest.xml:75:17-90
281-->[androidx.work:work-runtime:2.7.0] AndroidManifest.xml:75:25-87
282            </intent-filter>
283        </receiver>
284        <receiver
284-->[androidx.work:work-runtime:2.7.0] AndroidManifest.xml:78:9-88:20
285            android:name="androidx.work.impl.background.systemalarm.ConstraintProxy$BatteryNotLowProxy"
285-->[androidx.work:work-runtime:2.7.0] AndroidManifest.xml:79:13-104
286            android:directBootAware="false"
286-->[androidx.work:work-runtime:2.7.0] AndroidManifest.xml:80:13-44
287            android:enabled="false"
287-->[androidx.work:work-runtime:2.7.0] AndroidManifest.xml:81:13-36
288            android:exported="false" >
288-->[androidx.work:work-runtime:2.7.0] AndroidManifest.xml:82:13-37
289            <intent-filter>
289-->[androidx.work:work-runtime:2.7.0] AndroidManifest.xml:84:13-87:29
290                <action android:name="android.intent.action.BATTERY_OKAY" />
290-->[androidx.work:work-runtime:2.7.0] AndroidManifest.xml:85:17-77